c:\users\eigenaar\desktop\cplusplus\surrealengine\surrealengine\debug\vc141.pdb
c:\users\eigenaar\desktop\cplusplus\surrealengine\surrealengine\debug\vc141.idb
c:\users\eigenaar\desktop\cplusplus\surrealengine\surrealengine\debug\surrealengine.obj
c:\users\ilhan\onedrive\documenten\3d engine\surrealengine\debug\vc141.pdb
c:\users\eigenaar\desktop\cplusplus\surrealengine\debug\surrealengine.ilk
c:\users\eigenaar\desktop\cplusplus\surrealengine\debug\surrealengine.exe
c:\users\eigenaar\desktop\cplusplus\surrealengine\debug\surrealengine.pdb
c:\users\ilhan\onedrive\documenten\3d engine\surrealengine\debug\asd.obj
c:\users\ilhan\onedrive\documenten\3d engine\surrealengine\debug\kernel.obj
c:\users\ilhan\onedrive\documenten\3d engine\surrealengine\debug\linkedlist.obj
c:\users\ilhan\onedrive\documenten\3d engine\surrealengine\debug\logger.obj
c:\users\ilhan\onedrive\documenten\3d engine\surrealengine\debug\manager.obj
c:\users\ilhan\onedrive\documenten\3d engine\surrealengine\debug\node.obj
c:\users\ilhan\onedrive\documenten\3d engine\surrealengine\debug\surrealengine.obj
c:\users\ilhan\onedrive\documenten\3d engine\surrealengine\debug\window.obj
c:\users\ilhan\onedrive\documenten\3d engine\surrealengine\debug\vc141.idb
c:\users\ilhan\onedrive\documenten\3d engine\debug\surrealengine.pdb
c:\users\ilhan\onedrive\documenten\3d engine\debug\surrealengine.exe
c:\users\ilhan\onedrive\documenten\3d engine\debug\surrealengine.ilk
c:\users\ilhan\onedrive\documenten\3d engine\surrealengine\debug\surrealengine.tlog\cl.command.1.tlog
c:\users\ilhan\onedrive\documenten\3d engine\surrealengine\debug\surrealengine.tlog\cl.read.1.tlog
c:\users\ilhan\onedrive\documenten\3d engine\surrealengine\debug\surrealengine.tlog\cl.write.1.tlog
c:\users\ilhan\onedrive\documenten\3d engine\surrealengine\debug\surrealengine.tlog\link.command.1.tlog
c:\users\ilhan\onedrive\documenten\3d engine\surrealengine\debug\surrealengine.tlog\link.read.1.tlog
c:\users\ilhan\onedrive\documenten\3d engine\surrealengine\debug\surrealengine.tlog\link.write.1.tlog
